/home/user/miniconda3/envs/assembly_env/lib/python3.6/site-packages/quast-5.0.2-py3.6.egg-info/scripts/quast.py spades_output/contigs.fasta -o quast_output

Version: 5.0.2

System information:
  OS: Linux-6.8.0-87-generic-x86_64-with-debian-trixie-sid (linux_64)
  Python version: 3.6.13
  CPUs number: 12

Started: 2026-04-03 22:56:10

Logging to /home/user/quast_output/quast.log
NOTICE: Maximum number of threads is set to 3 (use --threads option to set it manually)

CWD: /home/user
Main parameters: 
  MODE: default, threads: 3, minimum contig length: 500, minimum alignment length: 65, \
  ambiguity: one, threshold for extensive misassembly size: 1000

Contigs:
  Pre-processing...
  spades_output/contigs.fasta ==> contigs

2026-04-03 22:56:10
Running Basic statistics processor...
  Contig files: 
    contigs
  Calculating N50 and L50...
    contigs, N50 = 132140, L50 = 1, Total length = 179288, GC % = 33.59, # N's per 100 kbp =  0.00
  Drawing Nx plot...
    saved to /home/user/quast_output/basic_stats/Nx_plot.pdf
  Drawing cumulative plot...
    saved to /home/user/quast_output/basic_stats/cumulative_plot.pdf
  Drawing GC content plot...
    saved to /home/user/quast_output/basic_stats/GC_content_plot.pdf
  Drawing contigs GC content plot...
    saved to /home/user/quast_output/basic_stats/contigs_GC_content_plot.pdf
  Drawing Coverage histogram (bin size: 1x)...
    saved to /home/user/quast_output/basic_stats/coverage_histogram.pdf
  Drawing contigs coverage histogram (bin size: 1x)...
    saved to /home/user/quast_output/basic_stats/contigs_coverage_histogram.pdf
Done.

NOTICE: Genes are not predicted by default. Use --gene-finding or --glimmer option to enable it.

2026-04-03 22:56:10
Creating large visual summaries...
This may take a while: press Ctrl-C to skip this step..
  1 of 2: Creating Icarus viewers...
  2 of 2: Creating PDF with all tables and plots...
Done

2026-04-03 22:56:11
RESULTS:
  Text versions of total report are saved to /home/user/quast_output/report.txt, report.tsv, and report.tex
  Text versions of transposed total report are saved to /home/user/quast_output/transposed_report.txt, transposed_report.tsv, and transposed_report.tex
  HTML version (interactive tables and plots) is saved to /home/user/quast_output/report.html
  PDF version (tables and plots) is saved to /home/user/quast_output/report.pdf
  Icarus (contig browser) is saved to /home/user/quast_output/icarus.html
  Log is saved to /home/user/quast_output/quast.log

Finished: 2026-04-03 22:56:11
Elapsed time: 0:00:01.319017
NOTICEs: 2; WARNINGs: 0; non-fatal ERRORs: 0

Thank you for using QUAST!
